   WARNING: vars.sh does not set up dependencies when invoked directly. Please perform environment setup for UMF before running DPC++ applications.
Shot input file is ./d_obs/d_obs_perf_3gpu_shot_

Shot input file is noinput

Nav input file is ./nav_perf_3gpu_9shots_441rec.nav

Source file is ricker1_perf_3gpu

wb file is noinput

wb file is ./tmut_zz/

wb file is ./bmut_zz/

avail=3 gpus
dt=0.002000, limit ddtt=0.554256

Read NAV file to get ns
 TOTAL SHOT=9, each core process 2 shots
Read NAV file for src, and rec locations
ns=9 iscount=9
NAV loaded ntr=3969, ntr_input=3969
shot 1, (sy=2.3938 sx=2.3938,sz=0.0250), indy=95 indx=95, indz=1, sw000=0.061505 sw001=0.000000, sw010=0.186497, sw011=0.000000 sw100=0.186497 sw101=0.000000 sw110=0.565502 sw111=0.000000
shot 2, (sy=2.3938 sx=4.7875,sz=0.0250), indy=95 indx=191, indz=1, sw000=0.124001 sw001=0.000000, sw010=0.124001, sw011=0.000000 sw100=0.375999 sw101=0.000000 sw110=0.375999 sw111=0.000000
shot 3, (sy=2.3938 sx=7.1813,sz=0.0250), indy=95 indx=287, indz=1, sw000=0.185501 sw001=0.000000, sw010=0.062500, sw011=0.000000 sw100=0.562485 sw101=0.000000 sw110=0.189514 sw111=0.000000
shot 4, (sy=4.7875 sx=2.3938,sz=0.0250), indy=191 indx=95, indz=1, sw000=0.124001 sw001=0.000000, sw010=0.375999, sw011=0.000000 sw100=0.124001 sw101=0.000000 sw110=0.375999 sw111=0.000000
shot 5, (sy=4.7875 sx=4.7875,sz=0.0250), indy=191 indx=191, indz=1, sw000=0.250000 sw001=0.000000, sw010=0.250000, sw011=0.000000 sw100=0.250000 sw101=0.000000 sw110=0.250000 sw111=0.000000
shot 6, (sy=4.7875 sx=7.1813,sz=0.0250), indy=191 indx=287, indz=1, sw000=0.373993 sw001=0.000000, sw010=0.126007, sw011=0.000000 sw100=0.373993 sw101=0.000000 sw110=0.126007 sw111=0.000000
shot 7, (sy=7.1813 sx=2.3938,sz=0.0250), indy=287 indx=95, indz=1, sw000=0.185501 sw001=0.000000, sw010=0.562485, sw011=0.000000 sw100=0.062500 sw101=0.000000 sw110=0.189514 sw111=0.000000
shot 8, (sy=7.1813 sx=4.7875,sz=0.0250), indy=287 indx=191, indz=1, sw000=0.373993 sw001=0.000000, sw010=0.373993, sw011=0.000000 sw100=0.126007 sw101=0.000000 sw110=0.126007 sw111=0.000000
shot 9, (sy=7.1813 sx=7.1813,sz=0.0250), indy=287 indx=287, indz=1, sw000=0.559483 sw001=0.000000, sw010=0.188503, sw011=0.000000 sw100=0.188503 sw101=0.000000 sw110=0.063511 sw111=0.000000
shot =5 
shot =3 

Computing GRADIENT, Random shot starting point=0
shot =0 
Round 1 of 2
shot =2 
shot =4 
shot =1 
id =0 start modeling
 indxy=95, indxx=95, indxz=1
id =2 start modeling
id =5 start modeling
id =3 start modeling
id =1 start modeling
id =4 start modeling
FP it=0
FP it=500
FP it=1000
FP it=1500
mod time 0.000000s
shot =6 
Round 2 of 2
shot =8 
id =0 start modeling
 indxy=287, indxx=95, indxz=1
FP it=0
id =2 start modeling
shot =7 
FP it=500
id =1 start modeling
FP it=1000
FP it=1500
mod time 0.642870s
Gradient TIME all= 2.559642s, WP computing time = 1.549196s, read time =0.001987s 

*******************ALL DONE******************
	Command being timed: "bash -lc source /opt/intel/oneapi/setvars.sh >/dev/null 2>&1; cd /data/shengwz/swz/cuda3D/benchmarks/cases/perf_3gpu; CUDA_VISIBLE_DEVICES=0,1,2 timeout 1200s /opt/intel/oneapi/mpi/latest/bin/mpirun -np 6 /data/shengwz/swz/cuda3D/bin/cuda_3D_FM < input_perf_3gpu.in"
	User time (seconds): 10.60
	System time (seconds): 12.87
	Percent of CPU this job got: 305%
	Elapsed (wall clock) time (h:mm:ss or m:ss): 0:07.68
	Average shared text size (kbytes): 0
	Average unshared data size (kbytes): 0
	Average stack size (kbytes): 0
	Average total size (kbytes): 0
	Maximum resident set size (kbytes): 520100
	Average resident set size (kbytes): 0
	Major (requiring I/O) page faults: 18865
	Minor (reclaiming a frame) page faults: 742791
	Voluntary context switches: 11726
	Involuntary context switches: 2036
	Swaps: 0
	File system inputs: 0
	File system outputs: 46992
	Socket messages sent: 0
	Socket messages received: 0
	Signals delivered: 0
	Page size (bytes): 4096
	Exit status: 0
