Shot input file is ./d_obs/d_obs_perf_1gpu_6shots_shot_

Shot input file is noinput

Nav input file is ./nav_perf_1gpu_6shots_6shots_441rec.nav

Source file is ricker1_perf_1gpu_6shots

wb file is noinput

wb file is ./tmut_zz/

wb file is ./bmut_zz/

avail=1 gpus
dt=0.002000, limit ddtt=0.554256

Read NAV file to get ns
 TOTAL SHOT=6, each core process 6 shots
Read NAV file for src, and rec locations
ns=6 iscount=6
NAV loaded ntr=2646, ntr_input=2646
shot 1, (sy=2.3938 sx=2.3938,sz=0.0250), indy=95 indx=95, indz=1, sw000=0.061505 sw001=0.000000, sw010=0.186497, sw011=0.000000 sw100=0.186497 sw101=0.000000 sw110=0.565502 sw111=0.000000
shot 2, (sy=2.3938 sx=4.7875,sz=0.0250), indy=95 indx=191, indz=1, sw000=0.124001 sw001=0.000000, sw010=0.124001, sw011=0.000000 sw100=0.375999 sw101=0.000000 sw110=0.375999 sw111=0.000000
shot 3, (sy=2.3938 sx=7.1813,sz=0.0250), indy=95 indx=287, indz=1, sw000=0.185501 sw001=0.000000, sw010=0.062500, sw011=0.000000 sw100=0.562485 sw101=0.000000 sw110=0.189514 sw111=0.000000
shot 4, (sy=7.1813 sx=2.3938,sz=0.0250), indy=287 indx=95, indz=1, sw000=0.185501 sw001=0.000000, sw010=0.562485, sw011=0.000000 sw100=0.062500 sw101=0.000000 sw110=0.189514 sw111=0.000000
shot 5, (sy=7.1813 sx=4.7875,sz=0.0250), indy=287 indx=191, indz=1, sw000=0.373993 sw001=0.000000, sw010=0.373993, sw011=0.000000 sw100=0.126007 sw101=0.000000 sw110=0.126007 sw111=0.000000
shot 6, (sy=7.1813 sx=7.1813,sz=0.0250), indy=287 indx=287, indz=1, sw000=0.559483 sw001=0.000000, sw010=0.188503, sw011=0.000000 sw100=0.188503 sw101=0.000000 sw110=0.063511 sw111=0.000000

Computing GRADIENT, Random shot starting point=0
shot =0
Round 1 of 6
id =0 start modeling
 indxy=95, indxx=95, indxz=1
PML tile-list enabled: v_tiles=18800, p_tiles=17984, block=32x4x2
FP it=0
FP it=500
FP it=1000
FP it=1500
mod time 0.000000s
shot =1
Round 2 of 6
id =0 start modeling
 indxy=95, indxx=191, indxz=1
PML tile-list enabled: v_tiles=20960, p_tiles=20096, block=32x4x2
FP it=0
FP it=500
FP it=1000
FP it=1500
mod time 0.000000s
shot =2
Round 3 of 6
id =0 start modeling
 indxy=95, indxx=287, indxz=1
PML tile-list enabled: v_tiles=19280, p_tiles=18464, block=32x4x2
FP it=0
FP it=500
FP it=1000
FP it=1500
mod time 0.000000s
shot =3
Round 4 of 6
id =0 start modeling
 indxy=287, indxx=95, indxz=1
PML tile-list enabled: v_tiles=19040, p_tiles=18224, block=32x4x2
FP it=0
FP it=500
FP it=1000
FP it=1500
mod time 0.000000s
shot =4
Round 5 of 6
id =0 start modeling
 indxy=287, indxx=191, indxz=1
PML tile-list enabled: v_tiles=21228, p_tiles=20364, block=32x4x2
FP it=0
FP it=500
FP it=1000
FP it=1500
mod time 0.000000s
shot =5
Round 6 of 6
id =0 start modeling
 indxy=287, indxx=287, indxz=1
PML tile-list enabled: v_tiles=19524, p_tiles=18708, block=32x4x2
FP it=0
FP it=500
FP it=1000
FP it=1500
mod time 0.000000s
Gradient TIME all= 2.349826s, WP computing time = 2.238769s, read time =0.000212s

*******************ALL DONE******************
Collecting data...
Generating '/tmp/nsys-report-6c92.qdstrm'
[1/1] [0%                          ] directfill_perf6.nsys-rep[1/1] [0%                          ] directfill_perf6.nsys-rep[1/1] [6%                          ] directfill_perf6.nsys-rep[1/1] [14%                         ] directfill_perf6.nsys-rep[1/1] [===22%                      ] directfill_perf6.nsys-rep[1/1] [=====31%                    ] directfill_perf6.nsys-rep[1/1] [=======39%                  ] directfill_perf6.nsys-rep[1/1] [==========47%               ] directfill_perf6.nsys-rep[1/1] [============55%             ] directfill_perf6.nsys-rep[1/1] [==============63%           ] directfill_perf6.nsys-rep[1/1] [=================72%        ] directfill_perf6.nsys-rep[1/1] [=================73%        ] directfill_perf6.nsys-rep[1/1] [========================100%] directfill_perf6.nsys-rep[1/1] [========================100%] directfill_perf6.nsys-rep
Generated:
	/work/wenzhe/cuda3D_codex_day_20260608_68de1a7/reports/day_20260608/scheduling_nsys_20260608_142948/directfill_perf6.nsys-rep
