Shot input file is ./d_obs/d_obs_profile_1gpu_shot_

Shot input file is noinput

Nav input file is ./nav_profile_1gpu_1shots_441rec.nav

Source file is ricker1_profile_1gpu

wb file is noinput

wb file is ./tmut_zz/

wb file is ./bmut_zz/

==PROF== Connected to process 254847 (/work/wenzhe/cuda3D/.codex_worktrees/v_pml_len16_20260608_2238/bin/cuda_3D_FM)
avail=1 gpus
dt=0.002000, limit ddtt=0.554256

Read NAV file to get ns
 TOTAL SHOT=1, each core process 1 shots
Read NAV file for src, and rec locations
ns=1 iscount=1
NAV loaded ntr=441, ntr_input=441
shot 1, (sy=4.7875 sx=4.7875,sz=0.0250), indy=191 indx=191, indz=1, sw000=0.250000 sw001=0.000000, sw010=0.250000, sw011=0.000000 sw100=0.250000 sw101=0.000000 sw110=0.250000 sw111=0.000000

Computing GRADIENT, Random shot starting point=0
shot =0 
Round 1 of 1
id =0 start modeling
 indxy=191, indxx=191, indxz=1
PML tile-list enabled: v_tiles=10556, p_tiles=8732, block=32x4x2
PML velocity len16 halfwarp enabled: len16_tiles=12544 residual_v_tiles=10556 block=32x4x1
PML pressure len16 halfwarp enabled: len16_tiles=13456 residual_p_tiles=8732 block=32x4x1
FP it=0
==PROF== Profiling "cuda_fd3d_v_pml_len16_halfwarp_ns": 0%....50%....100% - 19 passes
==PROF== Profiling "cuda_fd3d_v_pml_tile_ns": 0%....50%....100% - 19 passes
==PROF== Profiling "cuda_fd3d_p_core_ns": 0%....50%....100% - 19 passes
==PROF== Profiling "cuda_fd3d_p_pml_len16_halfwarp_ns": 0%....50%....100% - 19 passes
==PROF== Profiling "cuda_fd3d_p_pml_tile_ns": 0%....50%....100% - 19 passes
FP it=500
mod time 3.739123s
Gradient TIME all= 3.776389s, WP computing time = 3.747376s, read time =0.000180s 

*******************ALL DONE******************
==PROF== Disconnected from process 254847
==PROF== Report: /work/wenzhe/cuda3D/.codex_worktrees/v_pml_len16_20260608_2238/reports/day_20260608/v_pml_len16_ncu_short_20260608_2315/v_pml_len16_short.ncu-rep
