Shot input file is ./d_obs/d_obs_perf_1gpu_6shots_shot_

Shot input file is noinput

Nav input file is ./nav_perf_1gpu_6shots_6shots_441rec.nav

Source file is ricker1_perf_1gpu_6shots

wb file is noinput

wb file is ./tmut_zz/

wb file is ./bmut_zz/

avail=1 gpus
dt=0.002000, limit ddtt=0.554256

Read NAV file to get ns
 TOTAL SHOT=6, each core process 6 shots
Read NAV file for src, and rec locations
ns=6 iscount=6
NAV loaded ntr=2646, ntr_input=2646
shot 1, (sy=2.3938 sx=2.3938,sz=0.0250), indy=95 indx=95, indz=1, sw000=0.061505 sw001=0.000000, sw010=0.186497, sw011=0.000000 sw100=0.186497 sw101=0.000000 sw110=0.565502 sw111=0.000000
shot 2, (sy=2.3938 sx=4.7875,sz=0.0250), indy=95 indx=191, indz=1, sw000=0.124001 sw001=0.000000, sw010=0.124001, sw011=0.000000 sw100=0.375999 sw101=0.000000 sw110=0.375999 sw111=0.000000
shot 3, (sy=2.3938 sx=7.1813,sz=0.0250), indy=95 indx=287, indz=1, sw000=0.185501 sw001=0.000000, sw010=0.062500, sw011=0.000000 sw100=0.562485 sw101=0.000000 sw110=0.189514 sw111=0.000000
shot 4, (sy=7.1813 sx=2.3938,sz=0.0250), indy=287 indx=95, indz=1, sw000=0.185501 sw001=0.000000, sw010=0.562485, sw011=0.000000 sw100=0.062500 sw101=0.000000 sw110=0.189514 sw111=0.000000
shot 5, (sy=7.1813 sx=4.7875,sz=0.0250), indy=287 indx=191, indz=1, sw000=0.373993 sw001=0.000000, sw010=0.373993, sw011=0.000000 sw100=0.126007 sw101=0.000000 sw110=0.126007 sw111=0.000000
shot 6, (sy=7.1813 sx=7.1813,sz=0.0250), indy=287 indx=287, indz=1, sw000=0.559483 sw001=0.000000, sw010=0.188503, sw011=0.000000 sw100=0.188503 sw101=0.000000 sw110=0.063511 sw111=0.000000
HOST_SETUP_TIMER main input_scan=0.000026 gpu_setup=0.180329 input_bcast=0.000001 coeff_init=0.000012 static_alloc=0.000194 root_model_read=0.018371 model_bcast=0.000001 acqui_read=0.000743 acqui_bcast=0.000000 lint=0.000040 shot_list=0.022557 total_pre_gradient=0.222276
HOST_SETUP_TIMER cal pre_gradient_init=0.023527

Computing GRADIENT, Random shot starting point=0
shot =0 
Round 1 of 6
id =0 start modeling
 indxy=95, indxx=95, indxz=1
PML tile-list enabled: v_tiles=18800, p_tiles=7168, block=32x4x2
PML pressure len16 halfwarp enabled: len16_tiles=10816 residual_p_tiles=7168 block=32x4x1
FP it=0
FP it=500
FP it=1000
FP it=1500
mod time 0.000000s
shot =1 
Round 2 of 6
id =0 start modeling
 indxy=95, indxx=191, indxz=1
PML tile-list enabled: v_tiles=20960, p_tiles=8032, block=32x4x2
PML pressure len16 halfwarp enabled: len16_tiles=12064 residual_p_tiles=8032 block=32x4x1
FP it=0
FP it=500
FP it=1000
FP it=1500
mod time 0.000000s
shot =2 
Round 3 of 6
id =0 start modeling
 indxy=95, indxx=287, indxz=1
PML tile-list enabled: v_tiles=19280, p_tiles=7648, block=32x4x2
PML pressure len16 halfwarp enabled: len16_tiles=10816 residual_p_tiles=7648 block=32x4x1
FP it=0
FP it=500
FP it=1000
FP it=1500
mod time 0.000000s
shot =3 
Round 4 of 6
id =0 start modeling
 indxy=287, indxx=95, indxz=1
PML tile-list enabled: v_tiles=19040, p_tiles=7408, block=32x4x2
PML pressure len16 halfwarp enabled: len16_tiles=10816 residual_p_tiles=7408 block=32x4x1
FP it=0
FP it=500
FP it=1000
FP it=1500
mod time 0.000000s
shot =4 
Round 5 of 6
id =0 start modeling
 indxy=287, indxx=191, indxz=1
PML tile-list enabled: v_tiles=21228, p_tiles=8300, block=32x4x2
PML pressure len16 halfwarp enabled: len16_tiles=12064 residual_p_tiles=8300 block=32x4x1
FP it=0
FP it=500
FP it=1000
FP it=1500
mod time 0.000000s
shot =5 
Round 6 of 6
id =0 start modeling
 indxy=287, indxx=287, indxz=1
PML tile-list enabled: v_tiles=19524, p_tiles=7892, block=32x4x2
PML pressure len16 halfwarp enabled: len16_tiles=10816 residual_p_tiles=7892 block=32x4x1
FP it=0
FP it=500
FP it=1000
FP it=1500
mod time 0.000000s
HOST_SETUP_TIMER cal_loop shots=6 obs_setup=0.002679 domain_setup=0.000010 wavefield_prep=0.049816 fd_call=2.089376 output_write=0.004491 cleanup=0.002593 post_loop_sync=0.000004 copy_reduce=0.015053
Gradient TIME all= 2.164033s, WP computing time = 2.044622s, read time =0.000294s 
HOST_SETUP_TIMER main gradient_call_total=2.191751
HOST_SETUP_TIMER main post_gradient_barrier_and_free=0.001556 total_after_mpi_to_pre_finalize=2.415582

*******************ALL DONE******************
HOST_SETUP_TIMER process rank=0 mpi_init=0.253563 main_after_mpi_to_pre_finalize=2.418320 mpi_finalize=0.000242 process_total=2.672125
	Command being timed: "bash -lc source /opt/intel/oneapi/setvars.sh >/dev/null 2>&1; cd /work/wenzhe/cuda3D/.codex_worktrees/cal_loop_timers_20260608_212019/benchmarks/cases/perf_1gpu_6shots; CUDA_VISIBLE_DEVICES=0 timeout 2400s /opt/intel/oneapi/mpi/latest/bin/mpirun -np 1  /work/wenzhe/cuda3D/.codex_worktrees/cal_loop_timers_20260608_212019/bin/cuda_3D_FM < input_perf_1gpu_6shots.in"
	User time (seconds): 1.24
	System time (seconds): 1.35
	Percent of CPU this job got: 86%
	Elapsed (wall clock) time (h:mm:ss or m:ss): 0:02.99
	Average shared text size (kbytes): 0
	Average unshared data size (kbytes): 0
	Average stack size (kbytes): 0
	Average total size (kbytes): 0
	Maximum resident set size (kbytes): 511388
	Average resident set size (kbytes): 0
	Major (requiring I/O) page faults: 0
	Minor (reclaiming a frame) page faults: 155109
	Voluntary context switches: 772
	Involuntary context switches: 211
	Swaps: 0
	File system inputs: 0
	File system outputs: 31336
	Socket messages sent: 0
	Socket messages received: 0
	Signals delivered: 0
	Page size (bytes): 4096
	Exit status: 0
